INFO: [VRFC 10-163] Analyzing VHDL file "C:/Users/UPM/Desktop/porfi/porfi.gen/sources_1/ip/xadc_wiz_0/xadc_wiz_0.vhd" into library xil_defaultlib
INFO: [VRFC 10-3107] analyzing entity 'xadc_wiz_0'
INFO: [VRFC 10-163] Analyzing VHDL file "C:/Users/UPM/Desktop/porfi/porfi.srcs/sources_1/imports/sources_1/imports/new/Cont15sg.vhd" into library xil_defaultlib
INFO: [VRFC 10-3107] analyzing entity 'Cont15sg'
INFO: [VRFC 10-163] Analyzing VHDL file "C:/Users/UPM/Desktop/porfi/porfi.srcs/sources_1/imports/sources_1/imports/sources_1/imports/new/FF_D.vhd" into library xil_defaultlib
INFO: [VRFC 10-3107] analyzing entity 'FF_D'
INFO: [VRFC 10-163] Analyzing VHDL file "C:/Users/UPM/Desktop/porfi/porfi.srcs/sources_1/imports/sources_1/imports/sources_1/imports/new/Mux.vhd" into library xil_defaultlib
INFO: [VRFC 10-3107] analyzing entity 'MuxH'
INFO: [VRFC 10-163] Analyzing VHDL file "C:/Users/UPM/Desktop/porfi/porfi.srcs/sources_1/imports/sources_1/new/MuxMin.vhd" into library xil_defaultlib
INFO: [VRFC 10-3107] analyzing entity 'MuxMin'
INFO: [VRFC 10-163] Analyzing VHDL file "C:/Users/UPM/Desktop/porfi/porfi.srcs/sources_1/imports/sources_1/new/Sumador.vhd" into library xil_defaultlib
INFO: [VRFC 10-3107] analyzing entity 'Sumador'
INFO: [VRFC 10-163] Analyzing VHDL file "C:/Users/UPM/Desktop/porfi/porfi.srcs/sources_1/imports/sources_1/imports/new/SelectorHyM.vhd" into library xil_defaultlib
INFO: [VRFC 10-3107] analyzing entity 'SelectorHyM'
INFO: [VRFC 10-163] Analyzing VHDL file "C:/Users/UPM/Desktop/porfi/porfi.srcs/sources_1/imports/sources_1/imports/sources_1/imports/new/digi_clk.vhd" into library xil_defaultlib
INFO: [VRFC 10-3107] analyzing entity 'digi_clk'
INFO: [VRFC 10-163] Analyzing VHDL file "C:/Users/UPM/Desktop/porfi/porfi.srcs/sources_1/imports/sources_1/imports/new/SalidaComp.vhd" into library xil_defaultlib
INFO: [VRFC 10-3107] analyzing entity 'SalidaComp'
INFO: [VRFC 10-163] Analyzing VHDL file "C:/Users/UPM/Desktop/porfi/porfi.srcs/sources_1/imports/sources_1/imports/new/comparador.vhd" into library xil_defaultlib
INFO: [VRFC 10-3107] analyzing entity 'Comparador'
INFO: [VRFC 10-163] Analyzing VHDL file "C:/Users/UPM/Desktop/porfi/porfi.srcs/sources_1/imports/sources_1/imports/Desktop/MuxMotor.vhd" into library xil_defaultlib
INFO: [VRFC 10-3107] analyzing entity 'MuxM'
INFO: [VRFC 10-163] Analyzing VHDL file "C:/Users/UPM/Desktop/porfi/porfi.srcs/sources_1/imports/sources_1/new/Motor.vhd" into library xil_defaultlib
INFO: [VRFC 10-3107] analyzing entity 'Motor'
INFO: [VRFC 10-163] Analyzing VHDL file "C:/Users/UPM/Desktop/porfi/porfi.srcs/sources_1/imports/sources_1/new/conv.vhd" into library xil_defaultlib
INFO: [VRFC 10-3107] analyzing entity 'conv'
WARNING: [VRFC 10-3093] actual for formal port 'daddr_in' is neither a static name nor a globally static expression [C:/Users/UPM/Desktop/porfi/porfi.srcs/sources_1/imports/sources_1/new/conv.vhd:72]
INFO: [VRFC 10-163] Analyzing VHDL file "C:/Users/UPM/Desktop/porfi/porfi.srcs/sources_1/imports/sources_1/new/mainn.vhd" into library xil_defaultlib
INFO: [VRFC 10-3107] analyzing entity 'mainn'
WARNING: [VRFC 10-3093] actual for formal port 'a' is neither a static name nor a globally static expression [C:/Users/UPM/Desktop/porfi/porfi.srcs/sources_1/imports/sources_1/new/mainn.vhd:119]
WARNING: [VRFC 10-3093] actual for formal port 'rst' is neither a static name nor a globally static expression [C:/Users/UPM/Desktop/porfi/porfi.srcs/sources_1/imports/sources_1/new/mainn.vhd:122]
WARNING: [VRFC 10-3093] actual for formal port 'rst' is neither a static name nor a globally static expression [C:/Users/UPM/Desktop/porfi/porfi.srcs/sources_1/imports/sources_1/new/mainn.vhd:132]
INFO: [VRFC 10-163] Analyzing VHDL file "C:/Users/UPM/Desktop/porfi/porfi.srcs/sources_1/imports/sources_1/imports/sources_1/new/Mux2.vhd" into library xil_defaultlib
INFO: [VRFC 10-3107] analyzing entity 'Mux2'
INFO: [VRFC 10-163] Analyzing VHDL file "C:/Users/UPM/Desktop/porfi/porfi.srcs/sources_1/imports/sources_1/imports/sources_1/imports/new/tutorial.vhd" into library xil_defaultlib
INFO: [VRFC 10-3107] analyzing entity 'contador'
INFO: [VRFC 10-163] Analyzing VHDL file "C:/Users/UPM/Desktop/porfi/porfi.srcs/sources_1/new/Final_test.vhd" into library xil_defaultlib
INFO: [VRFC 10-3107] analyzing entity 'Final_test'
ERROR: [VRFC 10-985] literal 8000000000 exceeds maximum integer value [C:/Users/UPM/Desktop/porfi/porfi.srcs/sources_1/new/Final_test.vhd:65]
ERROR: [VRFC 10-9458] unit 'behavioral' is ignored due to previous errors [C:/Users/UPM/Desktop/porfi/porfi.srcs/sources_1/new/Final_test.vhd:38]
INFO: [VRFC 10-8704] VHDL file 'C:/Users/UPM/Desktop/porfi/porfi.srcs/sources_1/new/Final_test.vhd' is ignored due to errors
